Training range: 2016-07-01 → 2020-06-30
Trading days:   1006
  Processing day 1/1006: 2016-07-01
  Processing day 101/1006: 2016-11-22
  Processing day 201/1006: 2017-04-19
  Processing day 301/1006: 2017-09-11
  Processing day 401/1006: 2018-02-02
  Processing day 501/1006: 2018-06-27
  Processing day 601/1006: 2018-11-16
  Processing day 701/1006: 2019-04-15
  Processing day 801/1006: 2019-09-06
  Processing day 901/1006: 2020-01-30
  Processing day 1001/1006: 2020-06-23

Done. Predictions: 1006, Reviews: 1005, Rules: 670

Outputs written to logs/historical_training/03_fresh_replay/
# Historical Training Summary

**Thresholds**: bull > 55% / bear < 45%

## Current Run

| Metric | Value |
|--------|-------|
| 总推演天数 | 1006 |
| 震荡占比 | 40.4% (406) |
| 看多占比 | 53.8% (541) |
| 看空占比 | 5.9% (59) |
| 非中性方向准确率 | 40.7% (244/599) |
| 触发式否定准确率 | 85.2% (75/88) |
| 触发式否定大涨准确率 | N/A |
| 触发式否定大跌准确率 | 81.8% (36/44) |
| 触发式否定震荡准确率 | N/A |
| 每日强制否定天数 | 1005 |
| 每日强制否定总数 | 2010 |
| 每日强制否定正确数 | 1737 |
| 每日强制否定准确率 | 86.4% (1737/2010) |
| 每日强制否定大涨次数 | 802 |
| 每日强制否定小涨次数 | 14 |
| 每日强制否定震荡次数 | 0 |
| 每日强制否定小跌次数 | 203 |
| 每日强制否定大跌次数 | 991 |
| 每日强制否定大涨准确率 | 85.2% (683/802) |
| 每日强制否定小涨准确率 | 71.4% (10/14) |
| 每日强制否定震荡准确率 | N/A |
| 每日强制否定小跌准确率 | 81.8% (166/203) |
| 每日强制否定大跌准确率 | 88.6% (878/991) |
| 平均分 | 52.4/100 |
| 规则提取数量 | 670 |
| 高置信预测准确率 | 41.0% (242/590) |

## Accuracy Comparison

- 方向准确率 vs 触发式否定准确率：40.7% vs 85.2%
- 方向准确率 vs 每日强制否定准确率：40.7% vs 86.4%

## Comparison vs 60/40 Baseline

| Metric | Baseline (60/40) | New (55/45) | Delta |
|--------|------------------|-------------|-------|
| 总推演天数 | 1006 | 1006 | +0 |
| 震荡占比 | 81.4% | 40.4% | -41.1% |
| 看多占比 | 18.0% | 53.8% | +35.8% |
| 看空占比 | 0.6% | 5.9% | +5.3% |
| 非中性方向准确率 | 36.4% | 40.7% | +4.4% |
| 触发式否定准确率 | N/A | 85.2% | N/A |
| 每日强制否定准确率 | N/A | 86.4% | N/A |
| 平均分 | 52.4/100 | 52.4/100 | +0.0 |
| 规则提取数量 | 671 | 670 | -1 |
| 高置信预测准确率 | 36.6% | 41.0% | +4.5% |

## Assessment

- 是否显著减少震荡占比：是（-41.1%）
- 是否提升方向性：是（18.6% → 59.6%）
- 是否损失准确率：否（+4.4%）
- 结论：55/45 优于 60/40

## Rules

- 总规则数：670
- effective：200
- correction：470

---
_Generated by scripts/run_historical_training.py_

